<?xml version="1.0" encoding="UTF-8"?>
<!-- Generated by org.testng.reporters.JUnitReportReporter -->
<testsuite hostname="QSP" failures="0" tests="1" name="com.wipro.rmgyantra.scripts.AddSingleProjectWithCompletedStatus" time="0.210" errors="0" timestamp="2021-07-21T19:38:44 IST" skipped="0">
  <testcase classname="com.wipro.rmgyantra.scripts.AddSingleProjectWithCompletedStatus" name="completedStatus" time="0.210"/>
</testsuite> <!-- com.wipro.rmgyantra.scripts.AddSingleProjectWithCompletedStatus -->
