<?xml version="1.0" encoding="UTF-8"?>
<!-- Generated by org.testng.reporters.JUnitReportReporter -->
<testsuite hostname="QSP" failures="0" tests="1" name="com.wipro.rmgyantra.scripts.AddSingleProjectWithCreatedStatus" time="5.203" errors="0" timestamp="2021-07-22T20:26:13 IST" skipped="0">
  <testcase classname="com.wipro.rmgyantra.scripts.AddSingleProjectWithCreatedStatus" name="createdStauts" time="5.203"/>
</testsuite> <!-- com.wipro.rmgyantra.scripts.AddSingleProjectWithCreatedStatus -->
