<?xml version="1.0" encoding="UTF-8"?>
<!-- Generated by org.testng.reporters.JUnitReportReporter -->
<testsuite hostname="QSP" failures="0" tests="1" name="com.wipro.rmgyantra.scripts.AddSingleProjectWithOnGoingstatus" time="0.217" errors="0" timestamp="2021-07-22T20:26:13 IST" skipped="0">
  <testcase classname="com.wipro.rmgyantra.scripts.AddSingleProjectWithOnGoingstatus" name="goingStatus" time="0.217"/>
</testsuite> <!-- com.wipro.rmgyantra.scripts.AddSingleProjectWithOnGoingstatus -->
