<?xml version="1.0" encoding="UTF-8"?>
<!-- Generated by org.testng.reporters.JUnitReportReporter -->
<testsuite hostname="QSP" failures="0" tests="1" name="com.wipro.rmgyantra.scripts.AddSingleProjectWithCreatedStatus" time="7.369" errors="0" timestamp="2021-07-21T19:38:44 IST" skipped="0">
  <testcase classname="com.wipro.rmgyantra.scripts.AddSingleProjectWithCreatedStatus" name="createdStauts" time="7.369"/>
</testsuite> <!-- com.wipro.rmgyantra.scripts.AddSingleProjectWithCreatedStatus -->
